{
  "/Users/hugo/Desktop/dev/easyeyes/speaker-calibration/src/server/PythonServerInterface.js": {
    "path": "/Users/hugo/Desktop/dev/easyeyes/speaker-calibration/src/server/PythonServerInterface.js",
    "all": false,
    "statementMap": {
      "0": {"start": {"line": 1, "column": 0}, "end": {"line": 1, "column": 36}},
      "1": {"start": {"line": 2, "column": 0}, "end": {"line": 2, "column": 0}},
      "2": {"start": {"line": 3, "column": 0}, "end": {"line": 3, "column": 3}},
      "3": {"start": {"line": 4, "column": 0}, "end": {"line": 4, "column": 2}},
      "4": {"start": {"line": 5, "column": 0}, "end": {"line": 5, "column": 3}},
      "5": {"start": {"line": 6, "column": 0}, "end": {"line": 6, "column": 29}},
      "6": {"start": {"line": 7, "column": 0}, "end": {"line": 7, "column": 76}},
      "7": {"start": {"line": 8, "column": 0}, "end": {"line": 8, "column": 0}},
      "8": {"start": {"line": 9, "column": 0}, "end": {"line": 9, "column": 5}},
      "9": {"start": {"line": 10, "column": 0}, "end": {"line": 10, "column": 4}},
      "10": {"start": {"line": 11, "column": 0}, "end": {"line": 11, "column": 24}},
      "11": {"start": {"line": 12, "column": 0}, "end": {"line": 12, "column": 5}},
      "12": {"start": {"line": 13, "column": 0}, "end": {"line": 13, "column": 62}},
      "13": {"start": {"line": 14, "column": 0}, "end": {"line": 14, "column": 31}},
      "14": {"start": {"line": 15, "column": 0}, "end": {"line": 15, "column": 27}},
      "15": {"start": {"line": 16, "column": 0}, "end": {"line": 16, "column": 25}},
      "16": {"start": {"line": 17, "column": 0}, "end": {"line": 17, "column": 30}},
      "17": {"start": {"line": 18, "column": 0}, "end": {"line": 18, "column": 33}},
      "18": {"start": {"line": 19, "column": 0}, "end": {"line": 19, "column": 34}},
      "19": {"start": {"line": 20, "column": 0}, "end": {"line": 20, "column": 7}},
      "20": {"start": {"line": 21, "column": 0}, "end": {"line": 21, "column": 3}},
      "21": {"start": {"line": 22, "column": 0}, "end": {"line": 22, "column": 0}},
      "22": {"start": {"line": 23, "column": 0}, "end": {"line": 23, "column": 38}},
      "23": {"start": {"line": 24, "column": 0}, "end": {"line": 24, "column": 28}},
      "24": {"start": {"line": 25, "column": 0}, "end": {"line": 25, "column": 31}},
      "25": {"start": {"line": 26, "column": 0}, "end": {"line": 26, "column": 11}},
      "26": {"start": {"line": 27, "column": 0}, "end": {"line": 27, "column": 7}},
      "27": {"start": {"line": 28, "column": 0}, "end": {"line": 28, "column": 4}},
      "28": {"start": {"line": 29, "column": 0}, "end": {"line": 29, "column": 0}},
      "29": {"start": {"line": 30, "column": 0}, "end": {"line": 30, "column": 40}},
      "30": {"start": {"line": 31, "column": 0}, "end": {"line": 31, "column": 18}},
      "31": {"start": {"line": 32, "column": 0}, "end": {"line": 32, "column": 12}},
      "32": {"start": {"line": 33, "column": 0}, "end": {"line": 33, "column": 9}},
      "33": {"start": {"line": 34, "column": 0}, "end": {"line": 34, "column": 48}},
      "34": {"start": {"line": 35, "column": 0}, "end": {"line": 35, "column": 35}},
      "35": {"start": {"line": 36, "column": 0}, "end": {"line": 36, "column": 13}},
      "36": {"start": {"line": 37, "column": 0}, "end": {"line": 37, "column": 9}},
      "37": {"start": {"line": 38, "column": 0}, "end": {"line": 38, "column": 61}},
      "38": {"start": {"line": 39, "column": 0}, "end": {"line": 39, "column": 15}},
      "39": {"start": {"line": 40, "column": 0}, "end": {"line": 40, "column": 19}},
      "40": {"start": {"line": 41, "column": 0}, "end": {"line": 41, "column": 53}},
      "41": {"start": {"line": 42, "column": 0}, "end": {"line": 42, "column": 27}},
      "42": {"start": {"line": 43, "column": 0}, "end": {"line": 43, "column": 17}},
      "43": {"start": {"line": 44, "column": 0}, "end": {"line": 44, "column": 25}},
      "44": {"start": {"line": 45, "column": 0}, "end": {"line": 45, "column": 5}},
      "45": {"start": {"line": 46, "column": 0}, "end": {"line": 46, "column": 15}},
      "46": {"start": {"line": 47, "column": 0}, "end": {"line": 47, "column": 4}},
      "47": {"start": {"line": 48, "column": 0}, "end": {"line": 48, "column": 0}},
      "48": {"start": {"line": 49, "column": 0}, "end": {"line": 49, "column": 34}},
      "49": {"start": {"line": 50, "column": 0}, "end": {"line": 50, "column": 38}},
      "50": {"start": {"line": 51, "column": 0}, "end": {"line": 51, "column": 40}},
      "51": {"start": {"line": 52, "column": 0}, "end": {"line": 52, "column": 43}},
      "52": {"start": {"line": 53, "column": 0}, "end": {"line": 53, "column": 24}},
      "53": {"start": {"line": 54, "column": 0}, "end": {"line": 54, "column": 9}},
      "54": {"start": {"line": 55, "column": 0}, "end": {"line": 55, "column": 40}},
      "55": {"start": {"line": 56, "column": 0}, "end": {"line": 56, "column": 22}},
      "56": {"start": {"line": 57, "column": 0}, "end": {"line": 57, "column": 9}},
      "57": {"start": {"line": 58, "column": 0}, "end": {"line": 58, "column": 32}},
      "58": {"start": {"line": 59, "column": 0}, "end": {"line": 59, "column": 7}},
      "59": {"start": {"line": 60, "column": 0}, "end": {"line": 60, "column": 1}},
      "60": {"start": {"line": 61, "column": 0}, "end": {"line": 61, "column": 0}},
      "61": {"start": {"line": 62, "column": 0}, "end": {"line": 62, "column": 37}}
    },
    "s": {
      "0": 1,
      "1": 1,
      "2": 1,
      "3": 1,
      "4": 1,
      "5": 1,
      "6": 1,
      "7": 1,
      "8": 1,
      "9": 1,
      "10": 1,
      "11": 1,
      "12": 1,
      "13": 2,
      "14": 2,
      "15": 2,
      "16": 2,
      "17": 2,
      "18": 2,
      "19": 2,
      "20": 2,
      "21": 1,
      "22": 1,
      "23": 1,
      "24": 1,
      "25": 1,
      "26": 1,
      "27": 1,
      "28": 2,
      "29": 2,
      "30": 1,
      "31": 1,
      "32": 1,
      "33": 1,
      "34": 0,
      "35": 0,
      "36": 0,
      "37": 0,
      "38": 0,
      "39": 0,
      "40": 0,
      "41": 0,
      "42": 0,
      "43": 0,
      "44": 0,
      "45": 0,
      "46": 0,
      "47": 2,
      "48": 2,
      "49": 2,
      "50": 2,
      "51": 2,
      "52": 0,
      "53": 0,
      "54": 2,
      "55": 0,
      "56": 0,
      "57": 2,
      "58": 2,
      "59": 1,
      "60": 1,
      "61": 1
    },
    "branchMap": {
      "0": {
        "type": "branch",
        "line": 7,
        "loc": {"start": {"line": 7, "column": 26}, "end": {"line": 7, "column": 76}},
        "locations": [{"start": {"line": 7, "column": 26}, "end": {"line": 7, "column": 76}}]
      },
      "1": {
        "type": "branch",
        "line": 13,
        "loc": {"start": {"line": 13, "column": 2}, "end": {"line": 21, "column": 3}},
        "locations": [{"start": {"line": 13, "column": 2}, "end": {"line": 21, "column": 3}}]
      },
      "2": {
        "type": "branch",
        "line": 23,
        "loc": {"start": {"line": 23, "column": 2}, "end": {"line": 59, "column": 7}},
        "locations": [{"start": {"line": 23, "column": 2}, "end": {"line": 59, "column": 7}}]
      },
      "3": {
        "type": "branch",
        "line": 23,
        "loc": {"start": {"line": 23, "column": 23}, "end": {"line": 28, "column": 4}},
        "locations": [{"start": {"line": 23, "column": 23}, "end": {"line": 28, "column": 4}}]
      },
      "4": {
        "type": "branch",
        "line": 30,
        "loc": {"start": {"line": 30, "column": 25}, "end": {"line": 47, "column": 4}},
        "locations": [{"start": {"line": 30, "column": 25}, "end": {"line": 47, "column": 4}}]
      },
      "5": {
        "type": "branch",
        "line": 34,
        "loc": {"start": {"line": 34, "column": 6}, "end": {"line": 47, "column": 4}},
        "locations": [{"start": {"line": 34, "column": 6}, "end": {"line": 47, "column": 4}}]
      },
      "6": {
        "type": "branch",
        "line": 49,
        "loc": {"start": {"line": 49, "column": 14}, "end": {"line": 59, "column": 7}},
        "locations": [{"start": {"line": 49, "column": 14}, "end": {"line": 59, "column": 7}}]
      },
      "7": {
        "type": "branch",
        "line": 50,
        "loc": {"start": {"line": 50, "column": 16}, "end": {"line": 59, "column": 7}},
        "locations": [{"start": {"line": 50, "column": 16}, "end": {"line": 59, "column": 7}}]
      }
    },
    "b": {"0": [1], "1": [2], "2": [2], "3": [1], "4": [1], "5": [0], "6": [2], "7": [2]},
    "fnMap": {
      "0": {
        "name": "<static_initializer>",
        "decl": {"start": {"line": 7, "column": 26}, "end": {"line": 7, "column": 76}},
        "loc": {"start": {"line": 7, "column": 26}, "end": {"line": 7, "column": 76}},
        "line": 7
      },
      "1": {
        "name": "PythonServerInterface",
        "decl": {"start": {"line": 13, "column": 2}, "end": {"line": 21, "column": 3}},
        "loc": {"start": {"line": 13, "column": 2}, "end": {"line": 21, "column": 3}},
        "line": 13
      },
      "2": {
        "name": "<instance_members_initializer>",
        "decl": {"start": {"line": 23, "column": 2}, "end": {"line": 59, "column": 7}},
        "loc": {"start": {"line": 23, "column": 2}, "end": {"line": 59, "column": 7}},
        "line": 23
      },
      "3": {
        "name": "getImpulseResponse",
        "decl": {"start": {"line": 23, "column": 23}, "end": {"line": 28, "column": 4}},
        "loc": {"start": {"line": 23, "column": 23}, "end": {"line": 28, "column": 4}},
        "line": 23
      },
      "4": {
        "name": "getVolumeCalibration",
        "decl": {"start": {"line": 30, "column": 25}, "end": {"line": 47, "column": 4}},
        "loc": {"start": {"line": 30, "column": 25}, "end": {"line": 47, "column": 4}},
        "line": 30
      },
      "5": {
        "name": "asyncEmit",
        "decl": {"start": {"line": 49, "column": 14}, "end": {"line": 59, "column": 7}},
        "loc": {"start": {"line": 49, "column": 14}, "end": {"line": 59, "column": 7}},
        "line": 49
      }
    },
    "f": {"0": 1, "1": 2, "2": 2, "3": 1, "4": 1, "5": 2}
  }
}
