TN:
SF:src/server/PythonServerInterface.js
FN:7,<static_initializer>
FN:13,PythonServerInterface
FN:23,<instance_members_initializer>
FN:23,getImpulseResponse
FN:30,getVolumeCalibration
FN:49,asyncEmit
FNF:6
FNH:6
FNDA:1,<static_initializer>
FNDA:1,PythonServerInterface
FNDA:1,<instance_members_initializer>
FNDA:1,getImpulseResponse
FNDA:1,getVolumeCalibration
FNDA:2,asyncEmit
DA:1,1
DA:2,1
DA:3,1
DA:4,1
DA:5,1
DA:6,1
DA:7,1
DA:8,1
DA:9,1
DA:10,1
DA:11,1
DA:12,1
DA:13,1
DA:14,1
DA:15,1
DA:16,1
DA:17,1
DA:18,1
DA:19,1
DA:20,1
DA:21,1
DA:22,1
DA:23,1
DA:24,1
DA:25,1
DA:26,1
DA:27,1
DA:28,1
DA:29,1
DA:30,1
DA:31,1
DA:32,1
DA:33,1
DA:34,1
DA:35,0
DA:36,0
DA:37,0
DA:38,0
DA:39,0
DA:40,0
DA:41,0
DA:42,0
DA:43,0
DA:44,0
DA:45,0
DA:46,0
DA:47,0
DA:48,1
DA:49,1
DA:50,2
DA:51,2
DA:52,2
DA:53,0
DA:54,0
DA:55,2
DA:56,0
DA:57,0
DA:58,2
DA:59,2
DA:60,1
DA:61,1
DA:62,1
LF:62
LH:45
BRDA:7,0,0,1
BRDA:13,1,0,1
BRDA:23,2,0,1
BRDA:23,3,0,1
BRDA:30,4,0,1
BRDA:34,5,0,0
BRDA:49,6,0,2
BRDA:50,7,0,2
BRF:8
BRH:7
end_of_record
